<?xml version="1.0" encoding="UTF-8"?>
<!-- Generated by org.testng.reporters.JUnitReportReporter -->
<testsuite skipped="0" hostname="Macbooks-MacBook-Pro.local" name="com.class04.HW" tests="3" failures="0" timestamp="2020-05-28T15:23:42 MST" time="43.167" errors="0">
  <testcase name="test" time="14.802" classname="com.class04.HW"/>
  <system-out/>
  <testcase name="test" time="13.526" classname="com.class04.HW"/>
  <system-out/>
  <testcase name="test" time="14.839" classname="com.class04.HW"/>
  <system-out/>
</testsuite> <!-- com.class04.HW -->
