<?xml version="1.0" encoding="UTF-8"?>
<!-- Generated by org.testng.reporters.JUnitReportReporter -->
<testsuite skipped="0" hostname="Macbooks-MacBook-Pro.local" name="com.class02.HW" tests="1" failures="0" timestamp="2020-05-20T16:38:33 MST" time="4.455" errors="0">
  <testcase name="validLogin" time="4.455" classname="com.class02.HW"/>
  <system-out/>
</testsuite> <!-- com.class02.HW -->
