<?xml version="1.0" encoding="UTF-8"?>
<!-- Generated by org.testng.reporters.JUnitReportReporter -->
<testsuite skipped="0" hostname="Macbooks-MacBook-Pro.local" name="com.test.EmpCredentials" tests="2" failures="0" timestamp="2020-05-26T14:55:04 MST" time="25.800" errors="0">
  <testcase name="requiredFiledDisplay" time="14.448" classname="com.test.EmpCredentials"/>
  <system-out/>
  <testcase name="addEmoCreden" time="11.352" classname="com.test.EmpCredentials"/>
  <system-out/>
</testsuite> <!-- com.test.EmpCredentials -->
