<?xml version="1.0" encoding="UTF-8"?>
<!-- Generated by org.testng.reporters.JUnitReportReporter -->
<testsuite skipped="0" hostname="Macbooks-MacBook-Pro.local" name="com.class01.Tc2ApplicationNegative" tests="1" failures="0" timestamp="2020-05-20T11:06:40 MST" time="4.178" errors="0">
  <testcase name="negativeLogin" time="4.178" classname="com.class01.Tc2ApplicationNegative"/>
  <system-out/>
</testsuite> <!-- com.class01.Tc2ApplicationNegative -->
