<?xml version="1.0" encoding="UTF-8"?>
<!-- Generated by org.testng.reporters.JUnitReportReporter -->
<testsuite skipped="0" hostname="Macbooks-MacBook-Pro.local" name="com.test.sauceDemoTest" tests="4" failures="0" timestamp="2020-05-28T18:22:53 MST" time="37.891" errors="0">
  <testcase name="loginToSauceDemo" time="7.711" classname="com.test.sauceDemoTest"/>
  <system-out/>
  <testcase name="loginToSauceDemo" time="13.426" classname="com.test.sauceDemoTest"/>
  <system-out/>
  <testcase name="loginToSauceDemo" time="7.986" classname="com.test.sauceDemoTest"/>
  <system-out/>
  <testcase name="loginToSauceDemo" time="8.768" classname="com.test.sauceDemoTest"/>
  <system-out/>
</testsuite> <!-- com.test.sauceDemoTest -->
