<?xml version="1.0" encoding="UTF-8"?>
<!-- Generated by org.testng.reporters.JUnitReportReporter -->
<testsuite skipped="0" hostname="Macbooks-MacBook-Pro.local" name="com.class01.DifferentAnnotations" tests="1" failures="0" timestamp="2020-05-20T09:19:30 MST" time="0.005" errors="0">
  <testcase name="test" time="0.005" classname="com.class01.DifferentAnnotations"/>
  <system-out/>
</testsuite> <!-- com.class01.DifferentAnnotations -->
