<?xml version="1.0" encoding="UTF-8"?>
<!-- Generated by org.testng.reporters.JUnitReportReporter -->
<testsuite skipped="0" hostname="Macbooks-MacBook-Pro.local" name="com.class02.TaskOne" tests="4" failures="0" timestamp="2020-05-20T17:24:33 MST" time="0.009" errors="0">
  <testcase name="fourthMethod" time="0.006" classname="com.class02.TaskOne"/>
  <system-out/>
  <testcase name="thirdMethod" time="0.001" classname="com.class02.TaskOne"/>
  <system-out/>
  <testcase name="secondMethod" time="0.001" classname="com.class02.TaskOne"/>
  <system-out/>
  <testcase name="firstMethod" time="0.001" classname="com.class02.TaskOne"/>
  <system-out/>
</testsuite> <!-- com.class02.TaskOne -->
