<?xml version="1.0" encoding="UTF-8"?>
<!-- Generated by org.testng.reporters.JUnitReportReporter -->
<testsuite skipped="0" hostname="Macbooks-MacBook-Pro.local" name="com.class01.TitleLigoAndLoginValidation" tests="2" failures="0" timestamp="2020-05-20T11:14:59 MST" time="9.534" errors="0">
  <testcase name="validLogin" time="5.540" classname="com.class01.TitleLigoAndLoginValidation"/>
  <system-out/>
  <testcase name="logoValidation" time="3.994" classname="com.class01.TitleLigoAndLoginValidation"/>
  <system-out/>
</testsuite> <!-- com.class01.TitleLigoAndLoginValidation -->
