<?xml version="1.0" encoding="UTF-8"?>
<!-- Generated by org.testng.reporters.JUnitReportReporter -->
<testsuite skipped="0" hostname="Macbooks-MacBook-Pro.local" name="com.class02.TaskFromReviewClass" tests="1" failures="0" timestamp="2020-05-21T18:16:20 MST" time="6.587" errors="0">
  <testcase name="verifyProduct" time="6.587" classname="com.class02.TaskFromReviewClass"/>
  <system-out/>
</testsuite> <!-- com.class02.TaskFromReviewClass -->
