<?xml version="1.0" encoding="UTF-8"?>
<!-- Generated by org.testng.reporters.JUnitReportReporter -->
<testsuite skipped="0" hostname="Macbooks-MacBook-Pro.local" name="com.class01.TaskTwo" tests="3" failures="0" timestamp="2020-05-19T17:49:24 MST" time="0.008" errors="0">
  <testcase name="task1" time="0.005" classname="com.class01.TaskTwo"/>
  <system-out/>
  <testcase name="task3" time="0.002" classname="com.class01.TaskTwo"/>
  <system-out/>
  <testcase name="task2" time="0.001" classname="com.class01.TaskTwo"/>
  <system-out/>
</testsuite> <!-- com.class01.TaskTwo -->
