<?xml version="1.0" encoding="UTF-8"?>
<!-- Generated by org.testng.reporters.JUnitReportReporter -->
<testsuite skipped="0" hostname="Macbooks-MacBook-Pro.local" name="com.test.sauceparameterDemo" tests="1" failures="0" timestamp="2020-05-28T19:06:42 MST" time="9.383" errors="0">
  <testcase name="login" time="9.383" classname="com.test.sauceparameterDemo"/>
  <system-out/>
</testsuite> <!-- com.test.sauceparameterDemo -->
