<?xml version="1.0" encoding="UTF-8"?>
<!-- Generated by org.testng.reporters.JUnitReportReporter -->
<testsuite skipped="0" hostname="Macbooks-MacBook-Pro.local" name="com.class01.Tc1ApplicationLogin" tests="1" failures="0" timestamp="2020-05-20T11:05:04 MST" time="5.875" errors="0">
  <testcase name="validLogin" time="5.875" classname="com.class01.Tc1ApplicationLogin"/>
  <system-out/>
</testsuite> <!-- com.class01.Tc1ApplicationLogin -->
