<?xml version="1.0" encoding="UTF-8"?>
<!-- Generated by org.testng.reporters.JUnitReportReporter -->
<testsuite skipped="0" hostname="Macbooks-MacBook-Pro.local" name="com.test.LoginTest" tests="3" failures="0" timestamp="2020-05-23T12:36:46 MST" time="8.957" errors="0">
  <testcase name="emptyUsernameLogin" time="2.992" classname="com.test.LoginTest"/>
  <system-out/>
  <testcase name="validAdminLogin" time="3.505" classname="com.test.LoginTest"/>
  <system-out/>
  <testcase name="invalidPasswordLogin" time="2.460" classname="com.test.LoginTest"/>
  <system-out/>
</testsuite> <!-- com.test.LoginTest -->
